<?xml version="1.0" encoding="UTF-8"?>
<testng-results ignored="0" total="2" passed="2" failed="0" skipped="0">
  <reporter-output>
    <line>
      <![CDATA[went to test1 and url is opened ]]>
    </line>
    <line>
      <![CDATA[went to test1 and url is opened ]]>
    </line>
  </reporter-output>
  <suite started-at="2023-09-04T11:44:32 IST" name="Default suite" finished-at="2023-09-04T11:44:39 IST" duration-ms="7431">
    <groups>
    </groups>
    <test started-at="2023-09-04T11:44:32 IST" name="Default test" finished-at="2023-09-04T11:44:39 IST" duration-ms="7431">
      <class name="Selinum.TestNGexample.GroupTest">
        <test-method is-config="true" signature="init()[pri:0, instance:Selinum.TestNGexample.GroupTest@5119fb47]" started-at="2023-09-04T11:44:32 IST" name="init" finished-at="2023-09-04T11:44:33 IST" duration-ms="1812" status="PASS">
          <reporter-output>
          </reporter-output>
        </test-method> <!-- init -->
        <test-method signature="f(java.lang.String)[pri:0, instance:Selinum.TestNGexample.GroupTest@5119fb47]" started-at="2023-09-04T11:44:34 IST" name="f" data-provider="dp" finished-at="2023-09-04T11:44:36 IST" duration-ms="2053" status="PASS">
          <params>
            <param index="0">
              <value>
                <![CDATA[https://www.samsung.com/]]>
              </value>
            </param>
          </params>
          <reporter-output>
            <line>
              <![CDATA[went to test1 and url is opened ]]>
            </line>
          </reporter-output>
        </test-method> <!-- f -->
        <test-method signature="f(java.lang.String)[pri:0, instance:Selinum.TestNGexample.GroupTest@5119fb47]" started-at="2023-09-04T11:44:36 IST" name="f" data-provider="dp" finished-at="2023-09-04T11:44:39 IST" duration-ms="3185" status="PASS">
          <params>
            <param index="0">
              <value>
                <![CDATA[https://www.apple.in/]]>
              </value>
            </param>
          </params>
          <reporter-output>
            <line>
              <![CDATA[went to test1 and url is opened ]]>
            </line>
          </reporter-output>
        </test-method> <!-- f -->
        <test-method is-config="true" signature="close()[pri:0, instance:Selinum.TestNGexample.GroupTest@5119fb47]" started-at="2023-09-04T11:44:39 IST" name="close" finished-at="2023-09-04T11:44:39 IST" duration-ms="287" status="PASS">
          <reporter-output>
          </reporter-output>
        </test-method> <!-- close -->
      </class> <!-- Selinum.TestNGexample.GroupTest -->
    </test> <!-- Default test -->
  </suite> <!-- Default suite -->
</testng-results>
